<?xml version="1.0" encoding="UTF-8"?>
<!-- Generated by org.testng.reporters.JUnitReportReporter -->
<testsuite name="Academy.E2EProject.HomePage" tests="3" time="23.853" ignored="0" failures="0" timestamp="02 Jun 2021 07:49:27 GMT" skipped="0" hostname="DESKTOP-O19JB3S" errors="0">
  <testcase name="Homepagenav" time="4.698" classname="Academy.E2EProject.HomePage"/>
  <testcase name="Homepagenav" time="13.759" classname="Academy.E2EProject.HomePage"/>
  <testcase name="Homepagenav" time="5.396" classname="Academy.E2EProject.HomePage"/>
</testsuite> <!-- Academy.E2EProject.HomePage -->
